<?xml version="1.0" encoding="UTF-8"?>
<testng-results skipped="0" failed="0" ignored="0" total="3" passed="3">
  <reporter-output>
  </reporter-output>
  <suite name="Suite" duration-ms="28683" started-at="2020-12-10T15:03:28Z" finished-at="2020-12-10T15:03:57Z">
    <groups>
    </groups>
    <test name="Test" duration-ms="28683" started-at="2020-12-10T15:03:28Z" finished-at="2020-12-10T15:03:57Z">
      <class name="mayu.test.Load26">
        <test-method status="PASS" signature="launchDriver()[pri:0, instance:mayu.test.Load26@3967e60c]" name="launchDriver" is-config="true" duration-ms="8997" started-at="2020-12-10T15:03:28Z" finished-at="2020-12-10T15:03:37Z">
          <reporter-output>
          </reporter-output>
        </test-method> <!-- launchDriver -->
        <test-method status="PASS" signature="Test1()[pri:0, instance:mayu.test.Load26@3967e60c]" name="Test1" duration-ms="2793" started-at="2020-12-10T15:03:37Z" finished-at="2020-12-10T15:03:40Z">
          <reporter-output>
          </reporter-output>
        </test-method> <!-- Test1 -->
        <test-method status="PASS" signature="quit()[pri:0, instance:mayu.test.Load26@3967e60c]" name="quit" is-config="true" duration-ms="623" started-at="2020-12-10T15:03:40Z" finished-at="2020-12-10T15:03:40Z">
          <reporter-output>
          </reporter-output>
        </test-method> <!-- quit -->
        <test-method status="PASS" signature="launchDriver()[pri:0, instance:mayu.test.Load26@3967e60c]" name="launchDriver" is-config="true" duration-ms="6925" started-at="2020-12-10T15:03:40Z" finished-at="2020-12-10T15:03:47Z">
          <reporter-output>
          </reporter-output>
        </test-method> <!-- launchDriver -->
        <test-method status="PASS" signature="Test2()[pri:0, instance:mayu.test.Load26@3967e60c]" name="Test2" duration-ms="965" started-at="2020-12-10T15:03:47Z" finished-at="2020-12-10T15:03:48Z">
          <reporter-output>
          </reporter-output>
        </test-method> <!-- Test2 -->
        <test-method status="PASS" signature="quit()[pri:0, instance:mayu.test.Load26@3967e60c]" name="quit" is-config="true" duration-ms="623" started-at="2020-12-10T15:03:48Z" finished-at="2020-12-10T15:03:49Z">
          <reporter-output>
          </reporter-output>
        </test-method> <!-- quit -->
        <test-method status="PASS" signature="launchDriver()[pri:0, instance:mayu.test.Load26@3967e60c]" name="launchDriver" is-config="true" duration-ms="6266" started-at="2020-12-10T15:03:49Z" finished-at="2020-12-10T15:03:55Z">
          <reporter-output>
          </reporter-output>
        </test-method> <!-- launchDriver -->
        <test-method status="PASS" signature="Test3()[pri:0, instance:mayu.test.Load26@3967e60c]" name="Test3" duration-ms="849" started-at="2020-12-10T15:03:55Z" finished-at="2020-12-10T15:03:56Z">
          <reporter-output>
          </reporter-output>
        </test-method> <!-- Test3 -->
        <test-method status="PASS" signature="quit()[pri:0, instance:mayu.test.Load26@3967e60c]" name="quit" is-config="true" duration-ms="620" started-at="2020-12-10T15:03:56Z" finished-at="2020-12-10T15:03:57Z">
          <reporter-output>
          </reporter-output>
        </test-method> <!-- quit -->
      </class> <!-- mayu.test.Load26 -->
    </test> <!-- Test -->
  </suite> <!-- Suite -->
</testng-results>
